<?xml version="1.0" encoding="UTF-8"?>
<!-- Generated by org.testng.reporters.JUnitReportReporter -->
<testsuite hostname="DESKTOP-7OK20NU" failures="0" tests="5" name="MyPackage.DBClass" time="9.435" errors="0" timestamp="2024-08-27T03:58:15 EET" skipped="0">
  <testcase classname="MyPackage.DBClass" name="InsertTest" time="0.019"/>
  <system-out/>
  <testcase classname="MyPackage.DBClass" name="SelectTest1" time="0.033"/>
  <system-out/>
  <testcase classname="MyPackage.DBClass" name="UpdateTest" time="0.005"/>
  <system-out/>
  <testcase classname="MyPackage.DBClass" name="SelectTest" time="9.371"/>
  <system-out/>
  <testcase classname="MyPackage.DBClass" name="DeleteTest" time="0.007"/>
  <system-out/>
</testsuite> <!-- MyPackage.DBClass -->
