<?xml version="1.0" encoding="UTF-8"?>
<!-- Generated by org.testng.reporters.JUnitReportReporter -->
<testsuite hostname="DESKTOP-7OK20NU" failures="0" tests="5" name="MyPackage.DBClass" time="4.390" errors="0" timestamp="2024-08-27T04:12:55 EET" skipped="0">
  <testcase classname="MyPackage.DBClass" name="InsertTest" time="0.020"/>
  <system-out/>
  <testcase classname="MyPackage.DBClass" name="SelectTest1" time="0.029"/>
  <system-out/>
  <testcase classname="MyPackage.DBClass" name="UpdateTest" time="0.005"/>
  <system-out/>
  <testcase classname="MyPackage.DBClass" name="SelectTest" time="4.330"/>
  <system-out/>
  <testcase classname="MyPackage.DBClass" name="DeleteTest" time="0.006"/>
  <system-out/>
</testsuite> <!-- MyPackage.DBClass -->
